<?xml version="1.0" encoding="UTF-8"?>
<!-- Generated by org.testng.reporters.JUnitReportReporter -->
<testsuite skipped="0" hostname="Manikya-PC" name="com.crm.qa.testcases.LoginPageTest" tests="3" failures="0" timestamp="04 Apr 2018 16:24:17 GMT" time="48.512" errors="0">
  <testcase name="loginPageTiteTest" time="7.682" classname="com.crm.qa.testcases.LoginPageTest"/>
  <testcase name="validateCRMLogo" time="32.346" classname="com.crm.qa.testcases.LoginPageTest"/>
  <testcase name="loginTest" time="8.484" classname="com.crm.qa.testcases.LoginPageTest"/>
</testsuite> <!-- com.crm.qa.testcases.LoginPageTest -->
