<?xml version="1.0" encoding="UTF-8"?>
<!-- Generated by org.testng.reporters.JUnitReportReporter -->
<testsuite skipped="0" hostname="Manikya-PC" name="com.crm.qa.testcases.HomePageTest" tests="3" failures="0" timestamp="02 Apr 2018 14:58:17 GMT" time="52.402" errors="0">
  <testcase name="verifyHomePageTitleTest" time="14.418" classname="com.crm.qa.testcases.HomePageTest"/>
  <testcase name="userNameTest" time="18.200" classname="com.crm.qa.testcases.HomePageTest"/>
  <testcase name="verifyContactsLinkTest" time="19.784" classname="com.crm.qa.testcases.HomePageTest"/>
</testsuite> <!-- com.crm.qa.testcases.HomePageTest -->
