<?xml version="1.0" encoding="UTF-8"?>
<!-- Generated by org.testng.reporters.JUnitReportReporter -->
<testsuite skipped="0" hostname="Manikya-PC" name="com.crm.qa.testcases.HomePageTest" tests="3" failures="0" timestamp="04 Apr 2018 16:24:17 GMT" time="46.690" errors="0">
  <testcase name="verifyHomePageTitleTest" time="14.728" classname="com.crm.qa.testcases.HomePageTest"/>
  <testcase name="userNameTest" time="17.523" classname="com.crm.qa.testcases.HomePageTest"/>
  <testcase name="verifyContactsLinkTest" time="14.439" classname="com.crm.qa.testcases.HomePageTest"/>
</testsuite> <!-- com.crm.qa.testcases.HomePageTest -->
