<?xml version="1.0" encoding="UTF-8"?>
<!-- Generated by org.testng.reporters.JUnitReportReporter -->
<testsuite skipped="0" hostname="Manikya-PC" name="com.crm.qa.testcases.LoginPageTest" tests="3" failures="0" timestamp="02 Apr 2018 14:58:17 GMT" time="49.737" errors="0">
  <testcase name="loginPageTiteTest" time="11.172" classname="com.crm.qa.testcases.LoginPageTest"/>
  <testcase name="validateCRMLogo" time="27.341" classname="com.crm.qa.testcases.LoginPageTest"/>
  <testcase name="loginTest" time="11.224" classname="com.crm.qa.testcases.LoginPageTest"/>
</testsuite> <!-- com.crm.qa.testcases.LoginPageTest -->
