<?xml version="1.0" encoding="UTF-8"?>
<!-- Generated by org.testng.reporters.JUnitReportReporter -->
<testsuite skipped="0" hostname="Manikya-PC" name="com.crm.qa.testcases.ContactsPageTest" tests="3" failures="0" timestamp="02 Apr 2018 14:58:17 GMT" time="60.933" errors="0">
  <testcase name="verifyContatcsPageLable" time="20.347" classname="com.crm.qa.testcases.ContactsPageTest"/>
  <testcase name="selectSingleContatcsTest" time="20.887" classname="com.crm.qa.testcases.ContactsPageTest"/>
  <testcase name="selectMultipleContatcsTest" time="19.699" classname="com.crm.qa.testcases.ContactsPageTest"/>
</testsuite> <!-- com.crm.qa.testcases.ContactsPageTest -->
