<?xml version="1.0" encoding="UTF-8"?>
<!-- Generated by org.testng.reporters.JUnitReportReporter -->
<testsuite skipped="0" hostname="Manikya-PC" name="com.crm.qa.testcases.HomePageTest" tests="3" failures="0" timestamp="04 Apr 2018 14:51:15 GMT" time="35.547" errors="0">
  <testcase name="verifyHomePageTitleTest" time="10.886" classname="com.crm.qa.testcases.HomePageTest"/>
  <testcase name="userNameTest" time="11.300" classname="com.crm.qa.testcases.HomePageTest"/>
  <testcase name="verifyContactsLinkTest" time="13.361" classname="com.crm.qa.testcases.HomePageTest"/>
</testsuite> <!-- com.crm.qa.testcases.HomePageTest -->
