<?xml version="1.0" encoding="UTF-8"?>
<!-- Generated by org.testng.reporters.JUnitReportReporter -->
<testsuite skipped="0" hostname="Manikya-PC" name="com.crm.qa.testcases.LoginPageTest" tests="3" failures="0" timestamp="04 Apr 2018 14:51:15 GMT" time="33.886" errors="0">
  <testcase name="loginPageTiteTest" time="7.229" classname="com.crm.qa.testcases.LoginPageTest"/>
  <testcase name="validateCRMLogo" time="7.512" classname="com.crm.qa.testcases.LoginPageTest"/>
  <testcase name="loginTest" time="19.145" classname="com.crm.qa.testcases.LoginPageTest"/>
</testsuite> <!-- com.crm.qa.testcases.LoginPageTest -->
