<?xml version="1.0" encoding="UTF-8"?>
<!-- Generated by org.testng.reporters.JUnitReportReporter -->
<testsuite skipped="0" hostname="Manikya-PC" name="com.crm.qa.testcases.LoginPageTest" tests="1" failures="0" timestamp="13 Mar 2018 14:51:10 GMT" time="11.345" errors="0">
  <testcase name="validateCRMLogo" time="11.345" classname="com.crm.qa.testcases.LoginPageTest"/>
</testsuite> <!-- com.crm.qa.testcases.LoginPageTest -->
